2023-09-28T13:01:34.347+0530 [INFO]  Terraform version: 1.5.7
2023-09-28T13:01:34.347+0530 [DEBUG] using github.com/hashicorp/go-tfe v1.26.0
2023-09-28T13:01:34.347+0530 [DEBUG] using github.com/hashicorp/hcl/v2 v2.16.2
2023-09-28T13:01:34.347+0530 [DEBUG] using github.com/hashicorp/terraform-svchost v0.1.0
2023-09-28T13:01:34.347+0530 [DEBUG] using github.com/zclconf/go-cty v1.12.2
2023-09-28T13:01:34.347+0530 [INFO]  Go runtime version: go1.20.7
2023-09-28T13:01:34.347+0530 [INFO]  CLI args: []string{"/usr/bin/terraform", "terraform", "pro", "terraform"}
2023-09-28T13:01:34.347+0530 [TRACE] Stdout is not a terminal
2023-09-28T13:01:34.347+0530 [TRACE] Stderr is a terminal of width 124
2023-09-28T13:01:34.347+0530 [TRACE] Stdin is a terminal
2023-09-28T13:01:34.347+0530 [DEBUG] Attempting to open CLI config file: /home/chinthakaru/.terraformrc
2023-09-28T13:01:34.347+0530 [INFO]  Loading CLI configuration from /home/chinthakaru/.terraformrc
2023-09-28T13:01:34.348+0530 [DEBUG] ignoring non-existing provider search directory terraform.d/plugins
2023-09-28T13:01:34.348+0530 [DEBUG] ignoring non-existing provider search directory /home/chinthakaru/.terraform.d/plugins
2023-09-28T13:01:34.348+0530 [DEBUG] ignoring non-existing provider search directory /home/chinthakaru/.local/share/terraform/plugins
2023-09-28T13:01:34.348+0530 [DEBUG] ignoring non-existing provider search directory /usr/local/share/terraform/plugins
2023-09-28T13:01:34.348+0530 [DEBUG] ignoring non-existing provider search directory /usr/share/terraform/plugins
2023-09-28T13:01:34.348+0530 [DEBUG] ignoring non-existing provider search directory /var/lib/snapd/desktop/terraform/plugins
2023-09-28T13:01:34.349+0530 [INFO]  CLI command args: []string{"terraform", "pro", "terraform"}
2023-09-28T13:01:34.349+0530 [INFO]  Checkpoint disabled. Not running.
2023-09-28T13:01:34.489+0530 [INFO]  Terraform version: 1.5.7
2023-09-28T13:01:34.489+0530 [DEBUG] using github.com/hashicorp/go-tfe v1.26.0
2023-09-28T13:01:34.489+0530 [DEBUG] using github.com/hashicorp/hcl/v2 v2.16.2
2023-09-28T13:01:34.489+0530 [DEBUG] using github.com/hashicorp/terraform-svchost v0.1.0
2023-09-28T13:01:34.489+0530 [DEBUG] using github.com/zclconf/go-cty v1.12.2
2023-09-28T13:01:34.489+0530 [INFO]  Go runtime version: go1.20.7
2023-09-28T13:01:34.489+0530 [INFO]  CLI args: []string{"/usr/bin/terraform", "terraform", "", "providers"}
2023-09-28T13:01:34.489+0530 [TRACE] Stdout is not a terminal
2023-09-28T13:01:34.489+0530 [TRACE] Stderr is a terminal of width 124
2023-09-28T13:01:34.489+0530 [TRACE] Stdin is a terminal
2023-09-28T13:01:34.489+0530 [DEBUG] Attempting to open CLI config file: /home/chinthakaru/.terraformrc
2023-09-28T13:01:34.489+0530 [INFO]  Loading CLI configuration from /home/chinthakaru/.terraformrc
2023-09-28T13:01:34.489+0530 [DEBUG] ignoring non-existing provider search directory terraform.d/plugins
2023-09-28T13:01:34.489+0530 [DEBUG] ignoring non-existing provider search directory /home/chinthakaru/.terraform.d/plugins
2023-09-28T13:01:34.489+0530 [DEBUG] ignoring non-existing provider search directory /home/chinthakaru/.local/share/terraform/plugins
2023-09-28T13:01:34.489+0530 [DEBUG] ignoring non-existing provider search directory /usr/local/share/terraform/plugins
2023-09-28T13:01:34.489+0530 [DEBUG] ignoring non-existing provider search directory /usr/share/terraform/plugins
2023-09-28T13:01:34.489+0530 [DEBUG] ignoring non-existing provider search directory /var/lib/snapd/desktop/terraform/plugins
2023-09-28T13:01:34.489+0530 [INFO]  CLI command args: []string{"terraform", "", "providers"}
2023-09-28T13:01:49.798+0530 [INFO]  Terraform version: 1.5.7
2023-09-28T13:01:49.798+0530 [DEBUG] using github.com/hashicorp/go-tfe v1.26.0
2023-09-28T13:01:49.798+0530 [DEBUG] using github.com/hashicorp/hcl/v2 v2.16.2
2023-09-28T13:01:49.798+0530 [DEBUG] using github.com/hashicorp/terraform-svchost v0.1.0
2023-09-28T13:01:49.798+0530 [DEBUG] using github.com/zclconf/go-cty v1.12.2
2023-09-28T13:01:49.798+0530 [INFO]  Go runtime version: go1.21.1
2023-09-28T13:01:49.798+0530 [INFO]  CLI args: []string{"terraform", "init"}
2023-09-28T13:01:49.798+0530 [TRACE] Stdout is a terminal of width 124
2023-09-28T13:01:49.798+0530 [TRACE] Stderr is a terminal of width 124
2023-09-28T13:01:49.798+0530 [TRACE] Stdin is a terminal
2023-09-28T13:01:49.798+0530 [DEBUG] Attempting to open CLI config file: /home/chinthakaru/.terraformrc
2023-09-28T13:01:49.798+0530 [INFO]  Loading CLI configuration from /home/chinthakaru/.terraformrc
2023-09-28T13:01:49.799+0530 [DEBUG] ignoring non-existing provider search directory terraform.d/plugins
2023-09-28T13:01:49.799+0530 [DEBUG] ignoring non-existing provider search directory /home/chinthakaru/.terraform.d/plugins
2023-09-28T13:01:49.799+0530 [DEBUG] ignoring non-existing provider search directory /home/chinthakaru/.local/share/terraform/plugins
2023-09-28T13:01:49.799+0530 [DEBUG] ignoring non-existing provider search directory /usr/local/share/terraform/plugins
2023-09-28T13:01:49.799+0530 [DEBUG] ignoring non-existing provider search directory /usr/share/terraform/plugins
2023-09-28T13:01:49.799+0530 [DEBUG] ignoring non-existing provider search directory /var/lib/snapd/desktop/terraform/plugins
2023-09-28T13:01:49.799+0530 [INFO]  CLI command args: []string{"init"}
2023-09-28T13:02:12.469+0530 [INFO]  Terraform version: 1.5.7
2023-09-28T13:02:12.469+0530 [DEBUG] using github.com/hashicorp/go-tfe v1.26.0
2023-09-28T13:02:12.469+0530 [DEBUG] using github.com/hashicorp/hcl/v2 v2.16.2
2023-09-28T13:02:12.469+0530 [DEBUG] using github.com/hashicorp/terraform-svchost v0.1.0
2023-09-28T13:02:12.469+0530 [DEBUG] using github.com/zclconf/go-cty v1.12.2
2023-09-28T13:02:12.469+0530 [INFO]  Go runtime version: go1.21.1
2023-09-28T13:02:12.469+0530 [INFO]  CLI args: []string{"terraform", "init"}
2023-09-28T13:02:12.469+0530 [TRACE] Stdout is a terminal of width 124
2023-09-28T13:02:12.469+0530 [TRACE] Stderr is a terminal of width 124
2023-09-28T13:02:12.469+0530 [TRACE] Stdin is a terminal
2023-09-28T13:02:12.469+0530 [DEBUG] Attempting to open CLI config file: /home/chinthakaru/.terraformrc
2023-09-28T13:02:12.469+0530 [DEBUG] File doesn't exist, but doesn't need to. Ignoring.
2023-09-28T13:02:12.470+0530 [DEBUG] ignoring non-existing provider search directory terraform.d/plugins
2023-09-28T13:02:12.470+0530 [DEBUG] ignoring non-existing provider search directory /home/chinthakaru/.terraform.d/plugins
2023-09-28T13:02:12.470+0530 [DEBUG] ignoring non-existing provider search directory /home/chinthakaru/.local/share/terraform/plugins
2023-09-28T13:02:12.470+0530 [DEBUG] ignoring non-existing provider search directory /usr/local/share/terraform/plugins
2023-09-28T13:02:12.470+0530 [DEBUG] ignoring non-existing provider search directory /usr/share/terraform/plugins
2023-09-28T13:02:12.470+0530 [DEBUG] ignoring non-existing provider search directory /var/lib/snapd/desktop/terraform/plugins
2023-09-28T13:02:12.470+0530 [INFO]  CLI command args: []string{"init"}
